2021-08-19 13:26:32,690 CRIT Supervisor is running as root.  Privileges were not dropped because no user is specified in the config file.  If you intend to run as root, you can set user=root in the config file to avoid this message.
2021-08-19 13:26:32,696 INFO supervisord started with pid 1
2021-08-19 13:26:33,698 INFO spawned: 'celery' with pid 10
2021-08-19 13:26:33,700 INFO spawned: 'django' with pid 11
2021-08-19 13:26:34,101 INFO exited: celery (exit status 2; not expected)
2021-08-19 13:26:34,798 INFO success: django entered RUNNING state, process has stayed up for > than 1 seconds (startsecs)
2021-08-19 13:26:35,268 INFO spawned: 'celery' with pid 17
2021-08-19 13:26:35,581 INFO exited: celery (exit status 2; not expected)
2021-08-19 13:26:37,584 INFO spawned: 'celery' with pid 19
2021-08-19 13:26:37,894 INFO exited: celery (exit status 2; not expected)
2021-08-19 13:26:40,899 INFO spawned: 'celery' with pid 21
2021-08-19 13:26:41,205 INFO exited: celery (exit status 2; not expected)
2021-08-19 13:26:42,207 INFO gave up: celery entered FATAL state, too many start retries too quickly
2021-08-19 13:27:59,078 WARN received SIGTERM indicating exit request
2021-08-19 13:27:59,078 INFO waiting for django to die
2021-08-19 13:27:59,167 INFO stopped: django (exit status 0)
2021-08-19 13:28:09,380 CRIT Supervisor is running as root.  Privileges were not dropped because no user is specified in the config file.  If you intend to run as root, you can set user=root in the config file to avoid this message.
2021-08-19 13:28:09,386 INFO supervisord started with pid 1
2021-08-19 13:28:10,388 INFO spawned: 'celery' with pid 10
2021-08-19 13:28:10,391 INFO spawned: 'django' with pid 11
2021-08-19 13:28:11,455 INFO success: celery entered RUNNING state, process has stayed up for > than 1 seconds (startsecs)
2021-08-19 13:28:11,456 INFO success: django entered RUNNING state, process has stayed up for > than 1 seconds (startsecs)
